1704299943750	geckodriver	INFO	Listening on 127.0.0.1:52640
1704299946809	mozrunner::runner	INFO	Running command: "C:\\Program Files\\Mozilla Firefox\\firefox.exe" "--marionette" "-headless" "--remote-debugging-port" "52641" "--remote-allow-hosts" "localhost" "-no-remote" "-profile" "C:\\Users\\Lei\\AppData\\Local\\Temp\\rust_mozprofileZdfdeE"
*** You are running in headless mode.
console.warn: services.settings: Ignoring preference override of remote settings server
console.warn: services.settings: Allow by setting MOZ_REMOTE_SETTINGS_DEVTOOLS=1 in the environment
1704299947128	Marionette	INFO	Marionette enabled
Dynamically enable window occlusion 0
1704299947194	Marionette	INFO	Listening on port 52652
WebDriver BiDi listening on ws://127.0.0.1:52641
Read port: 52652
1704299947365	RemoteAgent	WARN	TLS certificate errors will be ignored for this session
[GFX1-]: RenderCompositorSWGL failed mapping default framebuffer, no dt
console.error: ({})
DevTools listening on ws://127.0.0.1:52641/devtools/browser/b08a6549-225c-4474-b2be-6d2e621ff5bc
console.warn: LoginRecipes: "Falling back to a synchronous message for: https://www.saucedemo.com."
console.warn: LoginRecipes: "Falling back to a synchronous message for: https://www.saucedemo.com."
1704299977893	addons.xpi	ERROR	System addon update list error SyntaxError: XMLHttpRequest.open: 'http://%(server)s/dummy-system-addons.xml' is not a valid URL.
console.log: "RemoteSettingsWorker error: DataError: IndexedDB: records, timestamps execute() Data provided to an operation does not meet requirements."
console.error: (new RemoteSettingsWorkerError("DataError: IndexedDB: records, timestamps execute() Data provided to an operation does not meet requirements.", "resource://services-settings/RemoteSettingsWorker.sys.mjs", 34))
1704299981257	Marionette	INFO	Stopped listening on port 52652
Dynamically enable window occlusion 1
