1704299928204	geckodriver	INFO	Listening on 127.0.0.1:52535
1704299931281	mozrunner::runner	INFO	Running command: "C:\\Program Files\\Mozilla Firefox\\firefox.exe" "--marionette" "-headless" "--remote-debugging-port" "52536" "--remote-allow-hosts" "localhost" "-no-remote" "-profile" "C:\\Users\\Lei\\AppData\\Local\\Temp\\rust_mozprofileIcYRzJ"
*** You are running in headless mode.
console.warn: services.settings: Ignoring preference override of remote settings server
console.warn: services.settings: Allow by setting MOZ_REMOTE_SETTINGS_DEVTOOLS=1 in the environment
1704299931618	Marionette	INFO	Marionette enabled
Dynamically enable window occlusion 0
1704299931686	Marionette	INFO	Listening on port 52543
WebDriver BiDi listening on ws://127.0.0.1:52536
Read port: 52543
1704299931864	RemoteAgent	WARN	TLS certificate errors will be ignored for this session
[GFX1-]: RenderCompositorSWGL failed mapping default framebuffer, no dt
console.error: ({})
DevTools listening on ws://127.0.0.1:52536/devtools/browser/bd9cafee-f0f8-4b45-b052-0646e91dbace
console.warn: LoginRecipes: "Falling back to a synchronous message for: https://www.saucedemo.com."
console.warn: LoginRecipes: "Falling back to a synchronous message for: https://www.saucedemo.com."
1704299962343	addons.xpi	ERROR	System addon update list error SyntaxError: XMLHttpRequest.open: 'http://%(server)s/dummy-system-addons.xml' is not a valid URL.
console.log: "RemoteSettingsWorker error: DataError: IndexedDB: records, timestamps execute() Data provided to an operation does not meet requirements."
console.error: (new RemoteSettingsWorkerError("DataError: IndexedDB: records, timestamps execute() Data provided to an operation does not meet requirements.", "resource://services-settings/RemoteSettingsWorker.sys.mjs", 34))
1704299975264	Marionette	INFO	Stopped listening on port 52543
Dynamically enable window occlusion 1
