1704299936032	geckodriver	INFO	Listening on 127.0.0.1:52586
1704299939090	mozrunner::runner	INFO	Running command: "C:\\Program Files\\Mozilla Firefox\\firefox.exe" "--marionette" "-headless" "--remote-debugging-port" "52587" "--remote-allow-hosts" "localhost" "-no-remote" "-profile" "C:\\Users\\Lei\\AppData\\Local\\Temp\\rust_mozprofile7IOnPo"
*** You are running in headless mode.
console.warn: services.settings: Ignoring preference override of remote settings server
console.warn: services.settings: Allow by setting MOZ_REMOTE_SETTINGS_DEVTOOLS=1 in the environment
1704299939412	Marionette	INFO	Marionette enabled
Dynamically enable window occlusion 0
1704299939477	Marionette	INFO	Listening on port 52594
WebDriver BiDi listening on ws://127.0.0.1:52587
Read port: 52594
1704299939634	RemoteAgent	WARN	TLS certificate errors will be ignored for this session
[GFX1-]: RenderCompositorSWGL failed mapping default framebuffer, no dt
console.error: ({})
DevTools listening on ws://127.0.0.1:52587/devtools/browser/79a55e5b-49fe-4c86-b115-d4751fc0daa4
console.warn: LoginRecipes: "Falling back to a synchronous message for: https://www.saucedemo.com."
console.warn: LoginRecipes: "Falling back to a synchronous message for: https://www.saucedemo.com."
1704299970232	addons.xpi	ERROR	System addon update list error SyntaxError: XMLHttpRequest.open: 'http://%(server)s/dummy-system-addons.xml' is not a valid URL.
console.log: "RemoteSettingsWorker error: DataError: IndexedDB: records, timestamps execute() Data provided to an operation does not meet requirements."
console.error: (new RemoteSettingsWorkerError("DataError: IndexedDB: records, timestamps execute() Data provided to an operation does not meet requirements.", "resource://services-settings/RemoteSettingsWorker.sys.mjs", 34))
1704299978282	Marionette	INFO	Stopped listening on port 52594
Dynamically enable window occlusion 1
