==============================================================================
Suites                                                                        
==============================================================================
Suites.LogoutWithoutCheckout                                                  
==============================================================================
Valid Login                                                           | PASS |
------------------------------------------------------------------------------
Home Page                                                             | PASS |
------------------------------------------------------------------------------
Logout in Home page                                                   | PASS |
------------------------------------------------------------------------------
Verify item still in cart                                             | PASS |
------------------------------------------------------------------------------
Suites.LogoutWithoutCheckout                                          | PASS |
4 tests, 4 passed, 0 failed
==============================================================================
Suites                                                                | PASS |
4 tests, 4 passed, 0 failed
==============================================================================
Output:  C:\Users\Lei\PycharmProjects\saucedemoWebRobotAutomation\Results\pabot_results\2\output.xml
