==============================================================================
Suites                                                                        
==============================================================================
Suites.LoginTestFirefox                                                       
==============================================================================
Valid Login                                                           | PASS |
------------------------------------------------------------------------------
Invaid Username Login                                                 | PASS |
------------------------------------------------------------------------------
Invaid Password Login                                                 | PASS |
------------------------------------------------------------------------------
Blank Username Login                                                  | PASS |
------------------------------------------------------------------------------
Blank Password Login                                                  | PASS |
------------------------------------------------------------------------------
Suites.LoginTestFirefox                                               | PASS |
5 tests, 5 passed, 0 failed
==============================================================================
Suites                                                                | PASS |
5 tests, 5 passed, 0 failed
==============================================================================
Output:  C:\Users\Lei\PycharmProjects\saucedemoWebRobotAutomation\Results\pabot_results\1\output.xml
