1703798302806	geckodriver	INFO	Listening on 127.0.0.1:55569
1703798305923	mozrunner::runner	INFO	Running command: "C:\\Program Files\\Mozilla Firefox\\firefox.exe" "--marionette" "-headless" "--remote-debugging-port" "55570" "--remote-allow-hosts" "localhost" "-no-remote" "-profile" "C:\\Users\\Lei\\AppData\\Local\\Temp\\rust_mozprofilejYE8L4"
*** You are running in headless mode.
console.warn: services.settings: Ignoring preference override of remote settings server
console.warn: services.settings: Allow by setting MOZ_REMOTE_SETTINGS_DEVTOOLS=1 in the environment
1703798306272	Marionette	INFO	Marionette enabled
Dynamically enable window occlusion 0
1703798306357	Marionette	INFO	Listening on port 55578
WebDriver BiDi listening on ws://127.0.0.1:55570
Read port: 55578
1703798306546	RemoteAgent	WARN	TLS certificate errors will be ignored for this session
[GFX1-]: RenderCompositorSWGL failed mapping default framebuffer, no dt
console.error: ({})
DevTools listening on ws://127.0.0.1:55570/devtools/browser/b19dc6f1-95b9-4bc9-a7c6-e6f0eeb4429a
console.warn: LoginRecipes: "Falling back to a synchronous message for: https://www.saucedemo.com."
console.warn: LoginRecipes: "Falling back to a synchronous message for: https://www.saucedemo.com."
1703798337434	addons.xpi	ERROR	System addon update list error SyntaxError: XMLHttpRequest.open: 'http://%(server)s/dummy-system-addons.xml' is not a valid URL.
console.log: "RemoteSettingsWorker error: DataError: IndexedDB: records, timestamps execute() Data provided to an operation does not meet requirements."
console.error: (new RemoteSettingsWorkerError("DataError: IndexedDB: records, timestamps execute() Data provided to an operation does not meet requirements.", "resource://services-settings/RemoteSettingsWorker.sys.mjs", 34))
1703798345687	Marionette	INFO	Stopped listening on port 55578
Dynamically enable window occlusion 1
